0 info it worked if it ends with ok
1 verbose cli [ '/usr/local/bin/node',
1 verbose cli   '/usr/local/bin/npm',
1 verbose cli   'install',
1 verbose cli   'cheerio',
1 verbose cli   '—save' ]
2 info using npm@2.14.4
3 info using node@v4.1.1
4 verbose install initial load of /Users/L/Node/package.json
5 warn package.json test@1.0.0 No description
6 warn package.json test@1.0.0 No repository field.
7 warn package.json test@1.0.0 No README data
8 verbose installManyTop reading scoped package data from /Users/L/Node/node_modules/express/package.json
9 verbose installManyTop reading scoped package data from /Users/L/Node/node_modules/request/package.json
10 verbose readDependencies loading dependencies from /Users/L/Node/package.json
11 silly cache add args [ 'cheerio', null ]
12 verbose cache add spec cheerio
13 silly cache add args [ '—save', null ]
14 verbose cache add spec —save
15 silly cache add parsed spec Result {
15 silly cache add   raw: 'cheerio',
15 silly cache add   scope: null,
15 silly cache add   name: 'cheerio',
15 silly cache add   rawSpec: '',
15 silly cache add   spec: '*',
15 silly cache add   type: 'range' }
16 silly addNamed cheerio@*
17 verbose addNamed "*" is a valid semver range for cheerio
18 silly addNameRange { name: 'cheerio', range: '*', hasData: false }
19 silly mapToRegistry name cheerio
20 silly mapToRegistry using default registry
21 silly mapToRegistry registry https://registry.npmjs.org/
22 silly mapToRegistry uri https://registry.npmjs.org/cheerio
23 verbose addNameRange registry:https://registry.npmjs.org/cheerio not in flight; fetching
24 silly cache add parsed spec Result {
24 silly cache add   raw: '—save',
24 silly cache add   scope: null,
24 silly cache add   name: null,
24 silly cache add   rawSpec: '—save',
24 silly cache add   spec: '/Users/L/Node/—save',
24 silly cache add   type: 'local' }
25 verbose request uri https://registry.npmjs.org/cheerio
26 verbose request no auth needed
27 info attempt registry request try #1 at 19:11:59
28 verbose request id e514d45ad126a603
29 http request GET https://registry.npmjs.org/cheerio
30 error addLocal Could not install /Users/L/Node/—save
31 http 200 https://registry.npmjs.org/cheerio
32 silly get cb [ 200,
32 silly get   { server: 'CouchDB/1.5.0 (Erlang OTP/R16B03)',
32 silly get     etag: '"88S5UXDPXS0VSBAYD88XTM8RA"',
32 silly get     'content-type': 'application/json',
32 silly get     'cache-control': 'max-age=60',
32 silly get     'content-length': '91734',
32 silly get     'accept-ranges': 'bytes',
32 silly get     date: 'Sat, 03 Oct 2015 17:11:59 GMT',
32 silly get     via: '1.1 varnish',
32 silly get     age: '51',
32 silly get     connection: 'keep-alive',
32 silly get     'x-served-by': 'cache-fra1233-FRA',
32 silly get     'x-cache': 'HIT',
32 silly get     'x-cache-hits': '1',
32 silly get     'x-timer': 'S1443892319.445555,VS0,VE0',
32 silly get     vary: 'Accept' } ]
33 verbose get saving cheerio to /Users/L/.npm/registry.npmjs.org/cheerio/.cache.json
34 silly addNameRange number 2 { name: 'cheerio', range: '*', hasData: true }
35 silly addNameRange versions [ 'cheerio',
35 silly addNameRange   [ '0.0.1',
35 silly addNameRange     '0.0.2',
35 silly addNameRange     '0.0.3',
35 silly addNameRange     '0.0.4',
35 silly addNameRange     '0.1.1',
35 silly addNameRange     '0.1.2',
35 silly addNameRange     '0.1.3',
35 silly addNameRange     '0.1.4',
35 silly addNameRange     '0.1.5',
35 silly addNameRange     '0.2.0',
35 silly addNameRange     '0.2.1',
35 silly addNameRange     '0.2.2',
35 silly addNameRange     '0.3.0',
35 silly addNameRange     '0.3.1',
35 silly addNameRange     '0.3.2',
35 silly addNameRange     '0.4.0',
35 silly addNameRange     '0.4.1',
35 silly addNameRange     '0.4.2',
35 silly addNameRange     '0.5.0',
35 silly addNameRange     '0.5.1',
35 silly addNameRange     '0.5.2',
35 silly addNameRange     '0.6.0',
35 silly addNameRange     '0.6.1',
35 silly addNameRange     '0.6.2',
35 silly addNameRange     '0.7.0',
35 silly addNameRange     '0.8.0',
35 silly addNameRange     '0.8.1',
35 silly addNameRange     '0.8.2',
35 silly addNameRange     '0.8.3',
35 silly addNameRange     '0.9.0',
35 silly addNameRange     '0.9.1',
35 silly addNameRange     '0.9.2',
35 silly addNameRange     '0.10.0',
35 silly addNameRange     '0.10.1',
35 silly addNameRange     '0.10.2',
35 silly addNameRange     '0.10.3',
35 silly addNameRange     '0.10.4',
35 silly addNameRange     '0.10.5',
35 silly addNameRange     '0.10.6',
35 silly addNameRange     '0.10.7',
35 silly addNameRange     '0.10.8',
35 silly addNameRange     '0.11.0',
35 silly addNameRange     '0.12.0',
35 silly addNameRange     '0.12.1',
35 silly addNameRange     '0.12.2',
35 silly addNameRange     '0.12.3',
35 silly addNameRange     '0.12.4',
35 silly addNameRange     '0.13.0',
35 silly addNameRange     '0.13.1',
35 silly addNameRange     '0.14.0',
35 silly addNameRange     '0.15.0',
35 silly addNameRange     '0.16.0',
35 silly addNameRange     '0.17.0',
35 silly addNameRange     '0.18.0',
35 silly addNameRange     '0.19.0' ] ]
36 silly addNamed cheerio@0.19.0
37 verbose addNamed "0.19.0" is a plain semver version for cheerio
38 silly mapToRegistry name cheerio
39 silly mapToRegistry using default registry
40 silly mapToRegistry registry https://registry.npmjs.org/
41 silly mapToRegistry uri https://registry.npmjs.org/cheerio
42 verbose addRemoteTarball https://registry.npmjs.org/cheerio/-/cheerio-0.19.0.tgz not in flight; adding
43 verbose addRemoteTarball [ 'https://registry.npmjs.org/cheerio/-/cheerio-0.19.0.tgz',
43 verbose addRemoteTarball   '772e7015f2ee29965096d71ea4175b75ab354925' ]
44 info retry fetch attempt 1 at 19:11:59
45 info attempt registry request try #1 at 19:11:59
46 http fetch GET https://registry.npmjs.org/cheerio/-/cheerio-0.19.0.tgz
47 http fetch 200 https://registry.npmjs.org/cheerio/-/cheerio-0.19.0.tgz
48 silly fetchAndShaCheck shasum 772e7015f2ee29965096d71ea4175b75ab354925
49 verbose addTmpTarball /var/folders/mk/hcm0rhy15pl6fgqhryy9tqph0000gn/T/npm-882-e0d1800a/registry.npmjs.org/cheerio/-/cheerio-0.19.0.tgz not in flight; adding
50 verbose addTmpTarball already have metadata; skipping unpack for cheerio@0.19.0
51 silly cache afterAdd cheerio@0.19.0
52 verbose afterAdd /Users/L/.npm/cheerio/0.19.0/package/package.json not in flight; writing
53 verbose afterAdd /Users/L/.npm/cheerio/0.19.0/package/package.json written
54 verbose stack Error: ENOENT: no such file or directory, open '/Users/L/Node/—save'
54 verbose stack     at Error (native)
55 verbose cwd /Users/L/Node
56 error Darwin 14.3.0
57 error argv "/usr/local/bin/node" "/usr/local/bin/npm" "install" "cheerio" "—save"
58 error node v4.1.1
59 error npm  v2.14.4
60 error path /Users/L/Node/—save
61 error code ENOENT
62 error errno -2
63 error syscall open
64 error enoent ENOENT: no such file or directory, open '/Users/L/Node/—save'
64 error enoent This is most likely not a problem with npm itself
64 error enoent and is related to npm not being able to find a file.
65 verbose exit [ -2, true ]
